<?xml version="1.0" encoding="UTF-8"?>
<testsuite xmlns:xsi="http://www.w3.org/2001/XMLSchema-instance" xsi:noNamespaceSchemaLocation="https://maven.apache.org/surefire/maven-surefire-plugin/xsd/surefire-test-report-3.0.xsd" version="3.0" name="runners.TestRunner" time="5.426" tests="1" errors="0" skipped="0" failures="1">
  <properties>
    <property name="java.specification.version" value="21"/>
    <property name="sun.jnu.encoding" value="UTF-8"/>
    <property name="java.class.path" value="/Users/zop8764/Documents/Repo/saucedemo-automation/target/test-classes:/Users/zop8764/Documents/Repo/saucedemo-automation/target/classes:/Users/zop8764/.m2/repository/org/seleniumhq/selenium/selenium-java/4.34.0/selenium-java-4.34.0.jar:/Users/zop8764/.m2/repository/org/seleniumhq/selenium/selenium-api/4.34.0/selenium-api-4.34.0.jar:/Users/zop8764/.m2/repository/org/jspecify/jspecify/1.0.0/jspecify-1.0.0.jar:/Users/zop8764/.m2/repository/org/seleniumhq/selenium/selenium-chrome-driver/4.34.0/selenium-chrome-driver-4.34.0.jar:/Users/zop8764/.m2/repository/com/google/auto/service/auto-service-annotations/1.1.1/auto-service-annotations-1.1.1.jar:/Users/zop8764/.m2/repository/org/seleniumhq/selenium/selenium-chromium-driver/4.34.0/selenium-chromium-driver-4.34.0.jar:/Users/zop8764/.m2/repository/org/seleniumhq/selenium/selenium-json/4.34.0/selenium-json-4.34.0.jar:/Users/zop8764/.m2/repository/org/seleniumhq/selenium/selenium-manager/4.34.0/selenium-manager-4.34.0.jar:/Users/zop8764/.m2/repository/org/seleniumhq/selenium/selenium-devtools-v136/4.34.0/selenium-devtools-v136-4.34.0.jar:/Users/zop8764/.m2/repository/org/seleniumhq/selenium/selenium-devtools-v137/4.34.0/selenium-devtools-v137-4.34.0.jar:/Users/zop8764/.m2/repository/org/seleniumhq/selenium/selenium-devtools-v138/4.34.0/selenium-devtools-v138-4.34.0.jar:/Users/zop8764/.m2/repository/org/seleniumhq/selenium/selenium-edge-driver/4.34.0/selenium-edge-driver-4.34.0.jar:/Users/zop8764/.m2/repository/org/seleniumhq/selenium/selenium-firefox-driver/4.34.0/selenium-firefox-driver-4.34.0.jar:/Users/zop8764/.m2/repository/org/seleniumhq/selenium/selenium-http/4.34.0/selenium-http-4.34.0.jar:/Users/zop8764/.m2/repository/org/seleniumhq/selenium/selenium-ie-driver/4.34.0/selenium-ie-driver-4.34.0.jar:/Users/zop8764/.m2/repository/org/seleniumhq/selenium/selenium-remote-driver/4.34.0/selenium-remote-driver-4.34.0.jar:/Users/zop8764/.m2/repository/com/google/guava/guava/33.4.8-jre/guava-33.4.8-jre.jar:/Users/zop8764/.m2/repository/com/google/guava/failureaccess/1.0.3/failureaccess-1.0.3.jar:/Users/zop8764/.m2/repository/com/google/guava/listenablefuture/9999.0-empty-to-avoid-conflict-with-guava/listenablefuture-9999.0-empty-to-avoid-conflict-with-guava.jar:/Users/zop8764/.m2/repository/com/google/errorprone/error_prone_annotations/2.36.0/error_prone_annotations-2.36.0.jar:/Users/zop8764/.m2/repository/com/google/j2objc/j2objc-annotations/3.0.0/j2objc-annotations-3.0.0.jar:/Users/zop8764/.m2/repository/io/opentelemetry/opentelemetry-api/1.51.0/opentelemetry-api-1.51.0.jar:/Users/zop8764/.m2/repository/io/opentelemetry/opentelemetry-context/1.51.0/opentelemetry-context-1.51.0.jar:/Users/zop8764/.m2/repository/io/opentelemetry/opentelemetry-exporter-logging/1.51.0/opentelemetry-exporter-logging-1.51.0.jar:/Users/zop8764/.m2/repository/io/opentelemetry/opentelemetry-sdk-common/1.51.0/opentelemetry-sdk-common-1.51.0.jar:/Users/zop8764/.m2/repository/io/opentelemetry/opentelemetry-sdk-extension-autoconfigure-spi/1.51.0/opentelemetry-sdk-extension-autoconfigure-spi-1.51.0.jar:/Users/zop8764/.m2/repository/io/opentelemetry/opentelemetry-sdk-extension-autoconfigure/1.51.0/opentelemetry-sdk-extension-autoconfigure-1.51.0.jar:/Users/zop8764/.m2/repository/io/opentelemetry/opentelemetry-sdk-trace/1.51.0/opentelemetry-sdk-trace-1.51.0.jar:/Users/zop8764/.m2/repository/io/opentelemetry/opentelemetry-sdk/1.51.0/opentelemetry-sdk-1.51.0.jar:/Users/zop8764/.m2/repository/io/opentelemetry/opentelemetry-sdk-metrics/1.51.0/opentelemetry-sdk-metrics-1.51.0.jar:/Users/zop8764/.m2/repository/io/opentelemetry/opentelemetry-sdk-logs/1.51.0/opentelemetry-sdk-logs-1.51.0.jar:/Users/zop8764/.m2/repository/net/bytebuddy/byte-buddy/1.17.6/byte-buddy-1.17.6.jar:/Users/zop8764/.m2/repository/org/seleniumhq/selenium/selenium-os/4.34.0/selenium-os-4.34.0.jar:/Users/zop8764/.m2/repository/org/apache/commons/commons-exec/1.5.0/commons-exec-1.5.0.jar:/Users/zop8764/.m2/repository/org/seleniumhq/selenium/selenium-safari-driver/4.34.0/selenium-safari-driver-4.34.0.jar:/Users/zop8764/.m2/repository/org/seleniumhq/selenium/selenium-support/4.34.0/selenium-support-4.34.0.jar:/Users/zop8764/.m2/repository/io/cucumber/cucumber-java/7.27.0/cucumber-java-7.27.0.jar:/Users/zop8764/.m2/repository/io/cucumber/cucumber-core/7.27.0/cucumber-core-7.27.0.jar:/Users/zop8764/.m2/repository/io/cucumber/cucumber-gherkin/7.27.0/cucumber-gherkin-7.27.0.jar:/Users/zop8764/.m2/repository/io/cucumber/cucumber-gherkin-messages/7.27.0/cucumber-gherkin-messages-7.27.0.jar:/Users/zop8764/.m2/repository/io/cucumber/gherkin/33.1.0/gherkin-33.1.0.jar:/Users/zop8764/.m2/repository/io/cucumber/messages/28.1.0/messages-28.1.0.jar:/Users/zop8764/.m2/repository/io/cucumber/pretty-formatter/2.0.1/pretty-formatter-2.0.1.jar:/Users/zop8764/.m2/repository/io/cucumber/query/13.5.0/query-13.5.0.jar:/Users/zop8764/.m2/repository/io/cucumber/testng-xml-formatter/0.5.0/testng-xml-formatter-0.5.0.jar:/Users/zop8764/.m2/repository/io/cucumber/tag-expressions/6.1.2/tag-expressions-6.1.2.jar:/Users/zop8764/.m2/repository/io/cucumber/cucumber-expressions/18.0.1/cucumber-expressions-18.0.1.jar:/Users/zop8764/.m2/repository/io/cucumber/datatable/7.27.0/datatable-7.27.0.jar:/Users/zop8764/.m2/repository/io/cucumber/cucumber-plugin/7.27.0/cucumber-plugin-7.27.0.jar:/Users/zop8764/.m2/repository/io/cucumber/docstring/7.27.0/docstring-7.27.0.jar:/Users/zop8764/.m2/repository/io/cucumber/html-formatter/21.13.0/html-formatter-21.13.0.jar:/Users/zop8764/.m2/repository/io/cucumber/junit-xml-formatter/0.8.0/junit-xml-formatter-0.8.0.jar:/Users/zop8764/.m2/repository/io/cucumber/ci-environment/10.0.1/ci-environment-10.0.1.jar:/Users/zop8764/.m2/repository/org/apiguardian/apiguardian-api/1.1.2/apiguardian-api-1.1.2.jar:/Users/zop8764/.m2/repository/io/cucumber/cucumber-testng/7.27.0/cucumber-testng-7.27.0.jar:/Users/zop8764/.m2/repository/org/testng/testng/7.11.0/testng-7.11.0.jar:/Users/zop8764/.m2/repository/org/slf4j/slf4j-api/2.0.16/slf4j-api-2.0.16.jar:/Users/zop8764/.m2/repository/org/jcommander/jcommander/1.83/jcommander-1.83.jar:/Users/zop8764/.m2/repository/org/webjars/jquery/3.7.1/jquery-3.7.1.jar:/Users/zop8764/.m2/repository/com/aventstack/extentreports/5.0.9/extentreports-5.0.9.jar:/Users/zop8764/.m2/repository/io/reactivex/rxjava3/rxjava/3.0.4/rxjava-3.0.4.jar:/Users/zop8764/.m2/repository/org/reactivestreams/reactive-streams/1.0.3/reactive-streams-1.0.3.jar:/Users/zop8764/.m2/repository/org/freemarker/freemarker/2.3.30/freemarker-2.3.30.jar:/Users/zop8764/.m2/repository/com/google/code/gson/gson/2.8.6/gson-2.8.6.jar:/Users/zop8764/.m2/repository/org/projectlombok/lombok/1.18.30/lombok-1.18.30.jar:"/>
    <property name="java.vm.vendor" value="Homebrew"/>
    <property name="sun.arch.data.model" value="64"/>
    <property name="java.vendor.url" value="https://github.com/Homebrew/homebrew-core/issues"/>
    <property name="user.timezone" value="Asia/Kolkata"/>
    <property name="os.name" value="Mac OS X"/>
    <property name="java.vm.specification.version" value="21"/>
    <property name="sun.java.launcher" value="SUN_STANDARD"/>
    <property name="user.country" value="US"/>
    <property name="sun.boot.library.path" value="/opt/homebrew/Cellar/openjdk@21/21.0.7/libexec/openjdk.jdk/Contents/Home/lib"/>
    <property name="sun.java.command" value="/Users/zop8764/Documents/Repo/saucedemo-automation/target/surefire/surefirebooter-20250807231241144_3.jar /Users/zop8764/Documents/Repo/saucedemo-automation/target/surefire 2025-08-07T23-12-41_103-jvmRun1 surefire-20250807231241144_1tmp surefire_0-20250807231241144_2tmp"/>
    <property name="http.nonProxyHosts" value="local|*.local|169.254/16|*.169.254/16|vpn-hdc.kroger.com|*.vpn-hdc.kroger.com|vpn-cdc.kroger.com|*.vpn-cdc.kroger.com|remoteaccessazure.kroger.com|*.remoteaccessazure.kroger.com"/>
    <property name="jdk.debug" value="release"/>
    <property name="surefire.test.class.path" value="/Users/zop8764/Documents/Repo/saucedemo-automation/target/test-classes:/Users/zop8764/Documents/Repo/saucedemo-automation/target/classes:/Users/zop8764/.m2/repository/org/seleniumhq/selenium/selenium-java/4.34.0/selenium-java-4.34.0.jar:/Users/zop8764/.m2/repository/org/seleniumhq/selenium/selenium-api/4.34.0/selenium-api-4.34.0.jar:/Users/zop8764/.m2/repository/org/jspecify/jspecify/1.0.0/jspecify-1.0.0.jar:/Users/zop8764/.m2/repository/org/seleniumhq/selenium/selenium-chrome-driver/4.34.0/selenium-chrome-driver-4.34.0.jar:/Users/zop8764/.m2/repository/com/google/auto/service/auto-service-annotations/1.1.1/auto-service-annotations-1.1.1.jar:/Users/zop8764/.m2/repository/org/seleniumhq/selenium/selenium-chromium-driver/4.34.0/selenium-chromium-driver-4.34.0.jar:/Users/zop8764/.m2/repository/org/seleniumhq/selenium/selenium-json/4.34.0/selenium-json-4.34.0.jar:/Users/zop8764/.m2/repository/org/seleniumhq/selenium/selenium-manager/4.34.0/selenium-manager-4.34.0.jar:/Users/zop8764/.m2/repository/org/seleniumhq/selenium/selenium-devtools-v136/4.34.0/selenium-devtools-v136-4.34.0.jar:/Users/zop8764/.m2/repository/org/seleniumhq/selenium/selenium-devtools-v137/4.34.0/selenium-devtools-v137-4.34.0.jar:/Users/zop8764/.m2/repository/org/seleniumhq/selenium/selenium-devtools-v138/4.34.0/selenium-devtools-v138-4.34.0.jar:/Users/zop8764/.m2/repository/org/seleniumhq/selenium/selenium-edge-driver/4.34.0/selenium-edge-driver-4.34.0.jar:/Users/zop8764/.m2/repository/org/seleniumhq/selenium/selenium-firefox-driver/4.34.0/selenium-firefox-driver-4.34.0.jar:/Users/zop8764/.m2/repository/org/seleniumhq/selenium/selenium-http/4.34.0/selenium-http-4.34.0.jar:/Users/zop8764/.m2/repository/org/seleniumhq/selenium/selenium-ie-driver/4.34.0/selenium-ie-driver-4.34.0.jar:/Users/zop8764/.m2/repository/org/seleniumhq/selenium/selenium-remote-driver/4.34.0/selenium-remote-driver-4.34.0.jar:/Users/zop8764/.m2/repository/com/google/guava/guava/33.4.8-jre/guava-33.4.8-jre.jar:/Users/zop8764/.m2/repository/com/google/guava/failureaccess/1.0.3/failureaccess-1.0.3.jar:/Users/zop8764/.m2/repository/com/google/guava/listenablefuture/9999.0-empty-to-avoid-conflict-with-guava/listenablefuture-9999.0-empty-to-avoid-conflict-with-guava.jar:/Users/zop8764/.m2/repository/com/google/errorprone/error_prone_annotations/2.36.0/error_prone_annotations-2.36.0.jar:/Users/zop8764/.m2/repository/com/google/j2objc/j2objc-annotations/3.0.0/j2objc-annotations-3.0.0.jar:/Users/zop8764/.m2/repository/io/opentelemetry/opentelemetry-api/1.51.0/opentelemetry-api-1.51.0.jar:/Users/zop8764/.m2/repository/io/opentelemetry/opentelemetry-context/1.51.0/opentelemetry-context-1.51.0.jar:/Users/zop8764/.m2/repository/io/opentelemetry/opentelemetry-exporter-logging/1.51.0/opentelemetry-exporter-logging-1.51.0.jar:/Users/zop8764/.m2/repository/io/opentelemetry/opentelemetry-sdk-common/1.51.0/opentelemetry-sdk-common-1.51.0.jar:/Users/zop8764/.m2/repository/io/opentelemetry/opentelemetry-sdk-extension-autoconfigure-spi/1.51.0/opentelemetry-sdk-extension-autoconfigure-spi-1.51.0.jar:/Users/zop8764/.m2/repository/io/opentelemetry/opentelemetry-sdk-extension-autoconfigure/1.51.0/opentelemetry-sdk-extension-autoconfigure-1.51.0.jar:/Users/zop8764/.m2/repository/io/opentelemetry/opentelemetry-sdk-trace/1.51.0/opentelemetry-sdk-trace-1.51.0.jar:/Users/zop8764/.m2/repository/io/opentelemetry/opentelemetry-sdk/1.51.0/opentelemetry-sdk-1.51.0.jar:/Users/zop8764/.m2/repository/io/opentelemetry/opentelemetry-sdk-metrics/1.51.0/opentelemetry-sdk-metrics-1.51.0.jar:/Users/zop8764/.m2/repository/io/opentelemetry/opentelemetry-sdk-logs/1.51.0/opentelemetry-sdk-logs-1.51.0.jar:/Users/zop8764/.m2/repository/net/bytebuddy/byte-buddy/1.17.6/byte-buddy-1.17.6.jar:/Users/zop8764/.m2/repository/org/seleniumhq/selenium/selenium-os/4.34.0/selenium-os-4.34.0.jar:/Users/zop8764/.m2/repository/org/apache/commons/commons-exec/1.5.0/commons-exec-1.5.0.jar:/Users/zop8764/.m2/repository/org/seleniumhq/selenium/selenium-safari-driver/4.34.0/selenium-safari-driver-4.34.0.jar:/Users/zop8764/.m2/repository/org/seleniumhq/selenium/selenium-support/4.34.0/selenium-support-4.34.0.jar:/Users/zop8764/.m2/repository/io/cucumber/cucumber-java/7.27.0/cucumber-java-7.27.0.jar:/Users/zop8764/.m2/repository/io/cucumber/cucumber-core/7.27.0/cucumber-core-7.27.0.jar:/Users/zop8764/.m2/repository/io/cucumber/cucumber-gherkin/7.27.0/cucumber-gherkin-7.27.0.jar:/Users/zop8764/.m2/repository/io/cucumber/cucumber-gherkin-messages/7.27.0/cucumber-gherkin-messages-7.27.0.jar:/Users/zop8764/.m2/repository/io/cucumber/gherkin/33.1.0/gherkin-33.1.0.jar:/Users/zop8764/.m2/repository/io/cucumber/messages/28.1.0/messages-28.1.0.jar:/Users/zop8764/.m2/repository/io/cucumber/pretty-formatter/2.0.1/pretty-formatter-2.0.1.jar:/Users/zop8764/.m2/repository/io/cucumber/query/13.5.0/query-13.5.0.jar:/Users/zop8764/.m2/repository/io/cucumber/testng-xml-formatter/0.5.0/testng-xml-formatter-0.5.0.jar:/Users/zop8764/.m2/repository/io/cucumber/tag-expressions/6.1.2/tag-expressions-6.1.2.jar:/Users/zop8764/.m2/repository/io/cucumber/cucumber-expressions/18.0.1/cucumber-expressions-18.0.1.jar:/Users/zop8764/.m2/repository/io/cucumber/datatable/7.27.0/datatable-7.27.0.jar:/Users/zop8764/.m2/repository/io/cucumber/cucumber-plugin/7.27.0/cucumber-plugin-7.27.0.jar:/Users/zop8764/.m2/repository/io/cucumber/docstring/7.27.0/docstring-7.27.0.jar:/Users/zop8764/.m2/repository/io/cucumber/html-formatter/21.13.0/html-formatter-21.13.0.jar:/Users/zop8764/.m2/repository/io/cucumber/junit-xml-formatter/0.8.0/junit-xml-formatter-0.8.0.jar:/Users/zop8764/.m2/repository/io/cucumber/ci-environment/10.0.1/ci-environment-10.0.1.jar:/Users/zop8764/.m2/repository/org/apiguardian/apiguardian-api/1.1.2/apiguardian-api-1.1.2.jar:/Users/zop8764/.m2/repository/io/cucumber/cucumber-testng/7.27.0/cucumber-testng-7.27.0.jar:/Users/zop8764/.m2/repository/org/testng/testng/7.11.0/testng-7.11.0.jar:/Users/zop8764/.m2/repository/org/slf4j/slf4j-api/2.0.16/slf4j-api-2.0.16.jar:/Users/zop8764/.m2/repository/org/jcommander/jcommander/1.83/jcommander-1.83.jar:/Users/zop8764/.m2/repository/org/webjars/jquery/3.7.1/jquery-3.7.1.jar:/Users/zop8764/.m2/repository/com/aventstack/extentreports/5.0.9/extentreports-5.0.9.jar:/Users/zop8764/.m2/repository/io/reactivex/rxjava3/rxjava/3.0.4/rxjava-3.0.4.jar:/Users/zop8764/.m2/repository/org/reactivestreams/reactive-streams/1.0.3/reactive-streams-1.0.3.jar:/Users/zop8764/.m2/repository/org/freemarker/freemarker/2.3.30/freemarker-2.3.30.jar:/Users/zop8764/.m2/repository/com/google/code/gson/gson/2.8.6/gson-2.8.6.jar:/Users/zop8764/.m2/repository/org/projectlombok/lombok/1.18.30/lombok-1.18.30.jar:"/>
    <property name="sun.cpu.endian" value="little"/>
    <property name="user.home" value="/Users/zop8764"/>
    <property name="user.language" value="en"/>
    <property name="java.specification.vendor" value="Oracle Corporation"/>
    <property name="java.version.date" value="2025-04-15"/>
    <property name="java.home" value="/opt/homebrew/Cellar/openjdk@21/21.0.7/libexec/openjdk.jdk/Contents/Home"/>
    <property name="file.separator" value="/"/>
    <property name="basedir" value="/Users/zop8764/Documents/Repo/saucedemo-automation"/>
    <property name="java.vm.compressedOopsMode" value="Zero based"/>
    <property name="line.separator" value="&#10;"/>
    <property name="java.vm.specification.vendor" value="Oracle Corporation"/>
    <property name="java.specification.name" value="Java Platform API Specification"/>
    <property name="apple.awt.application.name" value="ForkedBooter"/>
    <property name="surefire.real.class.path" value="/Users/zop8764/Documents/Repo/saucedemo-automation/target/surefire/surefirebooter-20250807231241144_3.jar"/>
    <property name="sun.management.compiler" value="HotSpot 64-Bit Tiered Compilers"/>
    <property name="ftp.nonProxyHosts" value="local|*.local|169.254/16|*.169.254/16|vpn-hdc.kroger.com|*.vpn-hdc.kroger.com|vpn-cdc.kroger.com|*.vpn-cdc.kroger.com|remoteaccessazure.kroger.com|*.remoteaccessazure.kroger.com"/>
    <property name="java.runtime.version" value="21.0.7"/>
    <property name="user.name" value="zop8764"/>
    <property name="stdout.encoding" value="UTF-8"/>
    <property name="path.separator" value=":"/>
    <property name="os.version" value="15.4"/>
    <property name="java.runtime.name" value="OpenJDK Runtime Environment"/>
    <property name="file.encoding" value="UTF-8"/>
    <property name="java.vm.name" value="OpenJDK 64-Bit Server VM"/>
    <property name="java.vendor.version" value="Homebrew"/>
    <property name="localRepository" value="/Users/zop8764/.m2/repository"/>
    <property name="java.vendor.url.bug" value="https://github.com/Homebrew/homebrew-core/issues"/>
    <property name="java.io.tmpdir" value="/var/folders/jn/kx5xb23j17j7jvxdwzvcx1zm0000gp/T/"/>
    <property name="java.version" value="21.0.7"/>
    <property name="cucumber.filter.tags" value="@smoke"/>
    <property name="user.dir" value="/Users/zop8764/Documents/Repo/saucedemo-automation"/>
    <property name="os.arch" value="aarch64"/>
    <property name="java.vm.specification.name" value="Java Virtual Machine Specification"/>
    <property name="native.encoding" value="UTF-8"/>
    <property name="java.library.path" value="/Users/zop8764/Library/Java/Extensions:/Library/Java/Extensions:/Network/Library/Java/Extensions:/System/Library/Java/Extensions:/usr/lib/java:."/>
    <property name="java.vm.info" value="mixed mode, sharing"/>
    <property name="stderr.encoding" value="UTF-8"/>
    <property name="java.vendor" value="Homebrew"/>
    <property name="java.vm.version" value="21.0.7"/>
    <property name="sun.io.unicode.encoding" value="UnicodeBig"/>
    <property name="socksNonProxyHosts" value="local|*.local|169.254/16|*.169.254/16|vpn-hdc.kroger.com|*.vpn-hdc.kroger.com|vpn-cdc.kroger.com|*.vpn-cdc.kroger.com|remoteaccessazure.kroger.com|*.remoteaccessazure.kroger.com"/>
    <property name="java.class.version" value="65.0"/>
  </properties>
  <testcase name="runScenario[&quot;Successful login with valid credentials&quot;, &quot;Sauce Demo Login&quot;](1)" classname="runners.TestRunner" time="5.005">
    <failure message="Force failure to check retry mechanism expected [true] but found [false]" type="java.lang.AssertionError"><![CDATA[java.lang.AssertionError: Force failure to check retry mechanism expected [true] but found [false]
	at org.testng.Assert.fail(Assert.java:111)
	at org.testng.Assert.failNotEquals(Assert.java:1590)
	at org.testng.Assert.assertTrue(Assert.java:57)
	at stepdefs.LoginSteps.should_be_on_product_page(LoginSteps.java:41)
	at ✽.User should be navigated to the products page(file:///Users/zop8764/Documents/Repo/saucedemo-automation/src/test/resources/features/Login.feature:8)
]]></failure>
    <system-out><![CDATA[
@smoke
Scenario: Successful login with valid credentials      # file:///Users/zop8764/Documents/Repo/saucedemo-automation/src/test/resources/features/Login.feature:4
  ✔ Given User is on the SauceDemo login page          # stepdefs.LoginSteps.user_is_on_login_page()
  ✔ When User enters valid username and password       # stepdefs.LoginSteps.enter_valid_credentials()
  ✔ And Clicks on the login button                     # stepdefs.LoginSteps.click_login_button()
  ✘ Then User should be navigated to the products page # stepdefs.LoginSteps.should_be_on_product_page()
        java.lang.AssertionError: Force failure to check retry mechanism expected [true] but found [false]
        	at org.testng.Assert.fail(Assert.java:111)
        	at org.testng.Assert.failNotEquals(Assert.java:1590)
        	at org.testng.Assert.assertTrue(Assert.java:57)
        	at stepdefs.LoginSteps.should_be_on_product_page(LoginSteps.java:41)
        	at ✽.User should be navigated to the products page(file:///Users/zop8764/Documents/Repo/saucedemo-automation/src/test/resources/features/Login.feature:8)

        Embedding Failed Screenshot [image/png 910926 bytes]

]]></system-out>
    <system-err><![CDATA[SLF4J(W): No SLF4J providers were found.
SLF4J(W): Defaulting to no-operation (NOP) logger implementation
SLF4J(W): See https://www.slf4j.org/codes.html#noProviders for further details.
]]></system-err>
  </testcase>
</testsuite>