<?xml version="1.0" encoding="UTF-8"?>
<!-- Generated by org.testng.reporters.JUnitReportReporter -->
<testsuite hostname="OF060WGM2KN41ND" failures="0" tests="3" name="runners.TestRunner" time="28.611" errors="0" timestamp="2025-08-08T02:03:35 IST" skipped="0">
  <testcase classname="runners.TestRunner" name="runScenario" time="8.500"/>
  <testcase classname="runners.TestRunner" name="runScenario" time="9.573"/>
  <testcase classname="runners.TestRunner" name="runScenario" time="10.538"/>
</testsuite> <!-- runners.TestRunner -->
