<?xml version="1.0" encoding="UTF-8"?>
<!-- Generated by org.testng.reporters.JUnitReportReporter -->
<testsuite hostname="OF060WGM2KN41ND" failures="0" tests="1" name="runners.TestRunner" time="3.682" errors="0" timestamp="2025-08-07T23:20:29 IST" skipped="0">
  <testcase classname="runners.TestRunner" name="runScenario" time="3.682"/>
</testsuite> <!-- runners.TestRunner -->
