<?xml version="1.0" encoding="UTF-8"?>
<!-- Generated by org.testng.reporters.JUnitReportReporter -->
<testsuite hostname="OF060WGM2KN41ND" failures="0" tests="1" name="runners.TestRunner" time="8.917" errors="0" timestamp="2025-08-08T01:03:39 IST" skipped="0">
  <testcase classname="runners.TestRunner" name="runScenario" time="8.917"/>
</testsuite> <!-- runners.TestRunner -->
