<?xml version="1.0" encoding="UTF-8"?>
<!-- Generated by org.testng.reporters.JUnitReportReporter -->
<testsuite hostname="OF060WGM2KN41ND" failures="1" tests="1" name="runners.TestRunner" time="5.002" errors="0" timestamp="2025-08-07T23:12:46 IST" skipped="0">
  <testcase classname="runners.TestRunner" name="runScenario" time="5.002">
    <failure message="Force failure to check retry mechanism expected [true] but found [false]" type="java.lang.AssertionError">
      <![CDATA[java.lang.AssertionError: Force failure to check retry mechanism expected [true] but found [false]
at org.testng.Assert.fail(Assert.java:111)
at org.testng.Assert.failNotEquals(Assert.java:1590)
at org.testng.Assert.assertTrue(Assert.java:57)
at stepdefs.LoginSteps.should_be_on_product_page(LoginSteps.java:41)
at âœ½.User should be navigated to the products page(file:///Users/zop8764/Documents/Repo/saucedemo-automation/src/test/resources/features/Login.feature:8)
]]>
    </failure>
  </testcase> <!-- runScenario -->
</testsuite> <!-- runners.TestRunner -->
